  program.cpp
D:\Lab\NLLTCT\OnTap\BaiOnTap\thuvien.h(35,20): warning C4018: '<': signed/unsigned mismatch
  (compiling source file 'program.cpp')
  
D:\Lab\NLLTCT\OnTap\BaiOnTap\thuvien.h(67,20): warning C4018: '<': signed/unsigned mismatch
  (compiling source file 'program.cpp')
  
D:\Lab\NLLTCT\OnTap\BaiOnTap\thuvien.h(74,20): warning C4018: '<': signed/unsigned mismatch
  (compiling source file 'program.cpp')
  
D:\Lab\NLLTCT\OnTap\BaiOnTap\thuvien.h(84,20): warning C4018: '<': signed/unsigned mismatch
  (compiling source file 'program.cpp')
  
D:\Lab\NLLTCT\OnTap\BaiOnTap\thuvien.h(100,20): warning C4018: '<': signed/unsigned mismatch
  (compiling source file 'program.cpp')
  
D:\Lab\NLLTCT\OnTap\BaiOnTap\thuvien.h(102,25): warning C4018: '<': signed/unsigned mismatch
  (compiling source file 'program.cpp')
  
D:\Lab\NLLTCT\OnTap\BaiOnTap\thuvien.h(120,22): warning C4018: '<': signed/unsigned mismatch
  (compiling source file 'program.cpp')
  
D:\Lab\NLLTCT\OnTap\BaiOnTap\menu.h(1,1): error C2144: syntax error: 'void' should be preceded by ';'
  (compiling source file 'program.cpp')
  
D:\Lab\NLLTCT\OnTap\BaiOnTap\thuvien.h(169,2): error C4430: missing type specifier - int assumed. Note: C++ does not support default-int
  (compiling source file 'program.cpp')
  
D:\Lab\NLLTCT\OnTap\BaiOnTap\program.cpp(15,15): error C2059: syntax error: ':'
D:\Lab\NLLTCT\OnTap\BaiOnTap\program.cpp(15,19): error C2143: syntax error: missing ';' before '}'
D:\Lab\NLLTCT\OnTap\BaiOnTap\program.cpp(16,2): error C2059: syntax error: '}'
D:\Lab\NLLTCT\OnTap\BaiOnTap\program.cpp(16,2): error C2143: syntax error: missing ';' before '}'
D:\Lab\NLLTCT\OnTap\BaiOnTap\program.cpp(18,2): error C2059: syntax error: 'return'
D:\Lab\NLLTCT\OnTap\BaiOnTap\program.cpp(19,1): error C2059: syntax error: '}'
D:\Lab\NLLTCT\OnTap\BaiOnTap\program.cpp(19,1): error C2143: syntax error: missing ';' before '}'
